2025-01-07 15:43:24.127 CET [2916] LOG:  starting PostgreSQL 16.4 (Postgres.app) on aarch64-apple-darwin21.6.0, compiled by Apple clang version 14.0.0 (clang-1400.0.29.102), 64-bit
2025-01-07 15:43:24.130 CET [2916] LOG:  listening on IPv6 address "::1", port 5432
2025-01-07 15:43:24.130 CET [2916] LOG:  listening on IPv4 address "127.0.0.1", port 5432
2025-01-07 15:43:24.131 CET [2916] LOG:  listening on Unix socket "/tmp/.s.PGSQL.5432"
2025-01-07 15:43:24.136 CET [2919] LOG:  database system was shut down at 2025-01-07 15:43:23 CET
2025-01-07 15:43:24.143 CET [2916] LOG:  database system is ready to accept connections
2025-01-07 15:43:37.574 CET [3258] ERROR:  syntax error at or near "s" at character 1
2025-01-07 15:43:37.574 CET [3258] STATEMENT:  s
	ls
	;
2025-01-07 15:44:22.087 CET [3319] FATAL:  database "SAE" does not exist
2025-01-07 15:44:42.881 CET [3343] ERROR:  syntax error at or near "/" at character 1
2025-01-07 15:44:42.881 CET [3343] STATEMENT:  /i
	;
2025-01-07 15:48:24.104 CET [2917] LOG:  checkpoint starting: time
2025-01-07 15:50:03.588 CET [2917] LOG:  checkpoint complete: wrote 982 buffers (6.0%); 0 WAL file(s) added, 0 removed, 0 recycled; write=99.452 s, sync=0.030 s, total=99.485 s; sync files=317, longest=0.002 s, average=0.001 s; distance=4583 kB, estimate=4583 kB; lsn=0/19800A8, redo lsn=0/1980070
2025-01-07 16:03:24.601 CET [2917] LOG:  checkpoint starting: time
2025-01-07 16:03:36.880 CET [2917] LOG:  checkpoint complete: wrote 116 buffers (0.7%); 0 WAL file(s) added, 0 removed, 0 recycled; write=12.252 s, sync=0.023 s, total=12.279 s; sync files=97, longest=0.002 s, average=0.001 s; distance=502 kB, estimate=4175 kB; lsn=0/19FDB10, redo lsn=0/19FDAD8
2025-01-07 16:11:31.413 CET [3887] ERROR:  column "Développement d\'une application web" does not exist at character 182
2025-01-07 16:11:31.413 CET [3887] STATEMENT:  INSERT INTO Stage (id_Etudiant, id_TuteurEntreprise, id_Enseignant, date_debut, date_fin, sujet, lieu_soutenance, date_soutenance)
	VALUES 
	    (1, 1, 1, '2024-06-01', '2024-12-01', "Développement d\'une application web", 'Salle A', '2024-12-15'),
	    (2, 2, 2, '2024-06-01', '2024-12-01', 'Stratégies marketing digital', 'Salle B', '2024-12-16');
2025-01-07 16:11:31.413 CET [3887] ERROR:  syntax error at or near "un" at character 132
2025-01-07 16:11:31.413 CET [3887] STATEMENT:  INSERT INTO TypeAction (libelle, description)
	VALUES 
	    ('Réunion', 'Réunion de suivi de projet'),
	    ('Rapport', 'Rédaction d\'un rapport de stage');
	
	-- Insertion dans la table Action
	INSERT INTO Action (id_TypeAction, date_realisation, lienDocument)
	VALUES 
	    (1, '2024-06-15', 'documents/reunion_june.pdf'),
	    (2, '2024-06-20', 'documents/rapport_june.pdf');
	
	-- Insertion dans la table Inscription
	INSERT INTO Inscription (id_Etudiant, id_Departement, numSemestre)
	VALUES 
	    (1, 1, 1),
	    (2, 2, 2);
2025-01-07 16:13:24.882 CET [2917] LOG:  checkpoint starting: time
2025-01-07 16:13:29.209 CET [2917] LOG:  checkpoint complete: wrote 43 buffers (0.3%); 0 WAL file(s) added, 0 removed, 0 recycled; write=4.312 s, sync=0.011 s, total=4.328 s; sync files=32, longest=0.005 s, average=0.001 s; distance=5 kB, estimate=3758 kB; lsn=0/19FF258, redo lsn=0/19FF220
2025-01-07 16:13:39.211 CET [3887] ERROR:  insert or update on table "secretaire" violates foreign key constraint "secretaire_id_departement_fkey"
2025-01-07 16:13:39.211 CET [3887] DETAIL:  Key (id_departement)=(1) is not present in table "departement".
2025-01-07 16:13:39.211 CET [3887] STATEMENT:  INSERT INTO Secretaire (id_Departement)
	VALUES 
	    (1),
	    (2);
2025-01-07 16:13:39.212 CET [3887] ERROR:  insert or update on table "enseignant" violates foreign key constraint "enseignant_id_departement_fkey"
2025-01-07 16:13:39.212 CET [3887] DETAIL:  Key (id_departement)=(1) is not present in table "departement".
2025-01-07 16:13:39.212 CET [3887] STATEMENT:  INSERT INTO Enseignant (id_Departement, Bureau)
	VALUES 
	    (1, 'Bureau C'),
	    (2, 'Bureau D');
2025-01-07 16:13:39.212 CET [3887] ERROR:  insert or update on table "administrateur" violates foreign key constraint "administrateur_id_utilisateur_fkey"
2025-01-07 16:13:39.212 CET [3887] DETAIL:  Key (id_utilisateur)=(1) is not present in table "utilisateur".
2025-01-07 16:13:39.212 CET [3887] STATEMENT:  INSERT INTO Administrateur (id_Utilisateur)
	VALUES 
	    (1),
	    (2);
2025-01-07 16:13:39.212 CET [3887] ERROR:  insert or update on table "tuteur_entreprise" violates foreign key constraint "tuteur_entreprise_id_entreprise_fkey"
2025-01-07 16:13:39.212 CET [3887] DETAIL:  Key (id_entreprise)=(1) is not present in table "entreprise".
2025-01-07 16:13:39.212 CET [3887] STATEMENT:  INSERT INTO Tuteur_Entreprise (id_Entreprise)
	VALUES 
	    (1),
	    (2);
2025-01-07 16:13:39.213 CET [3887] ERROR:  insert or update on table "etudiant" violates foreign key constraint "etudiant_id_utilisateur_fkey"
2025-01-07 16:13:39.213 CET [3887] DETAIL:  Key (id_utilisateur)=(1) is not present in table "utilisateur".
2025-01-07 16:13:39.213 CET [3887] STATEMENT:  INSERT INTO Etudiant (id_Utilisateur, id_Departement)
	VALUES 
	    (1, 1),
	    (2, 2);
2025-01-07 16:13:39.214 CET [3887] ERROR:  duplicate key value violates unique constraint "semestre_pkey"
2025-01-07 16:13:39.214 CET [3887] DETAIL:  Key (numsemestre)=(1) already exists.
2025-01-07 16:13:39.214 CET [3887] STATEMENT:  INSERT INTO Semestre (numSemestre, annee)
	VALUES 
	    (1, 2024),
	    (2, 2024);
2025-01-07 16:13:39.215 CET [3887] ERROR:  column "Développement d\'une application web" does not exist at character 182
2025-01-07 16:13:39.215 CET [3887] STATEMENT:  INSERT INTO Stage (id_Etudiant, id_TuteurEntreprise, id_Enseignant, date_debut, date_fin, sujet, lieu_soutenance, date_soutenance)
	VALUES 
	    (1, 1, 1, '2024-06-01', '2024-12-01', "Développement d\'une application web", 'Salle A', '2024-12-15'),
	    (2, 2, 2, '2024-06-01', '2024-12-01', 'Stratégies marketing digital', 'Salle B', '2024-12-16');
2025-01-07 16:13:39.216 CET [3887] ERROR:  column "Rédaction d\'un rapport de stage" does not exist at character 118
2025-01-07 16:13:39.216 CET [3887] STATEMENT:  INSERT INTO TypeAction (libelle, description)
	VALUES 
	    ('Réunion', 'Réunion de suivi de projet'),
	    ('Rapport', "Rédaction d\'un rapport de stage");
2025-01-07 16:13:39.225 CET [3887] ERROR:  insert or update on table "action" violates foreign key constraint "action_id_typeaction_fkey"
2025-01-07 16:13:39.225 CET [3887] DETAIL:  Key (id_typeaction)=(1) is not present in table "typeaction".
2025-01-07 16:13:39.225 CET [3887] STATEMENT:  INSERT INTO Action (id_TypeAction, date_realisation, lienDocument)
	VALUES 
	    (1, '2024-06-15', 'documents/reunion_june.pdf'),
	    (2, '2024-06-20', 'documents/rapport_june.pdf');
2025-01-07 16:13:39.229 CET [3887] ERROR:  insert or update on table "inscription" violates foreign key constraint "inscription_id_etudiant_fkey"
2025-01-07 16:13:39.229 CET [3887] DETAIL:  Key (id_etudiant)=(1) is not present in table "etudiant".
2025-01-07 16:13:39.229 CET [3887] STATEMENT:  INSERT INTO Inscription (id_Etudiant, id_Departement, numSemestre)
	VALUES 
	    (1, 1, 1),
	    (2, 2, 2);
2025-01-07 16:14:59.933 CET [3887] ERROR:  duplicate key value violates unique constraint "semestre_pkey"
2025-01-07 16:14:59.933 CET [3887] DETAIL:  Key (numsemestre)=(1) already exists.
2025-01-07 16:14:59.933 CET [3887] STATEMENT:  INSERT INTO Semestre (numSemestre, annee)
	VALUES 
	    (1, 2024),
	    (2, 2024);
2025-01-07 16:14:59.942 CET [3887] ERROR:  insert or update on table "secretaire" violates foreign key constraint "secretaire_id_departement_fkey"
2025-01-07 16:14:59.942 CET [3887] DETAIL:  Key (id_departement)=(1) is not present in table "departement".
2025-01-07 16:14:59.942 CET [3887] STATEMENT:  INSERT INTO Secretaire (id_Departement)
	VALUES 
	    (1),
	    (2);
2025-01-07 16:14:59.943 CET [3887] ERROR:  insert or update on table "enseignant" violates foreign key constraint "enseignant_id_departement_fkey"
2025-01-07 16:14:59.943 CET [3887] DETAIL:  Key (id_departement)=(1) is not present in table "departement".
2025-01-07 16:14:59.943 CET [3887] STATEMENT:  INSERT INTO Enseignant (id_Departement, Bureau)
	VALUES 
	    (1, 'Bureau C'),
	    (2, 'Bureau D');
2025-01-07 16:14:59.945 CET [3887] ERROR:  insert or update on table "administrateur" violates foreign key constraint "administrateur_id_utilisateur_fkey"
2025-01-07 16:14:59.945 CET [3887] DETAIL:  Key (id_utilisateur)=(1) is not present in table "utilisateur".
2025-01-07 16:14:59.945 CET [3887] STATEMENT:  INSERT INTO Administrateur (id_Utilisateur)
	VALUES 
	    (1),
	    (2);
2025-01-07 16:14:59.946 CET [3887] ERROR:  insert or update on table "tuteur_entreprise" violates foreign key constraint "tuteur_entreprise_id_entreprise_fkey"
2025-01-07 16:14:59.946 CET [3887] DETAIL:  Key (id_entreprise)=(1) is not present in table "entreprise".
2025-01-07 16:14:59.946 CET [3887] STATEMENT:  INSERT INTO Tuteur_Entreprise (id_Entreprise)
	VALUES 
	    (1),
	    (2);
2025-01-07 16:14:59.946 CET [3887] ERROR:  insert or update on table "etudiant" violates foreign key constraint "etudiant_id_utilisateur_fkey"
2025-01-07 16:14:59.946 CET [3887] DETAIL:  Key (id_utilisateur)=(1) is not present in table "utilisateur".
2025-01-07 16:14:59.946 CET [3887] STATEMENT:  INSERT INTO Etudiant (id_Utilisateur, id_Departement)
	VALUES 
	    (1, 1),
	    (2, 2);
2025-01-07 16:14:59.947 CET [3887] ERROR:  insert or update on table "stage" violates foreign key constraint "stage_id_etudiant_fkey"
2025-01-07 16:14:59.947 CET [3887] DETAIL:  Key (id_etudiant)=(1) is not present in table "etudiant".
2025-01-07 16:14:59.947 CET [3887] STATEMENT:  INSERT INTO Stage (id_Etudiant, id_TuteurEntreprise, id_Enseignant, date_debut, date_fin, sujet, lieu_soutenance, date_soutenance)
	VALUES 
	    (1, 1, 1, '2024-06-01', '2024-12-01', 'Développement d''une application web', 'Salle A', '2024-12-15'),
	    (2, 2, 2, '2024-06-01', '2024-12-01', 'Stratégies marketing digital', 'Salle B', '2024-12-16');
2025-01-07 16:14:59.948 CET [3887] ERROR:  insert or update on table "inscription" violates foreign key constraint "inscription_id_etudiant_fkey"
2025-01-07 16:14:59.948 CET [3887] DETAIL:  Key (id_etudiant)=(1) is not present in table "etudiant".
2025-01-07 16:14:59.948 CET [3887] STATEMENT:  INSERT INTO Inscription (id_Etudiant, id_Departement, numSemestre)
	VALUES 
	    (1, 1, 1),
	    (2, 2, 2);
2025-01-07 16:15:55.418 CET [3887] ERROR:  duplicate key value violates unique constraint "semestre_pkey"
2025-01-07 16:15:55.418 CET [3887] DETAIL:  Key (numsemestre)=(1) already exists.
2025-01-07 16:15:55.418 CET [3887] STATEMENT:  INSERT INTO Semestre (numSemestre, annee)
	VALUES 
	    (1, 2024),
	    (2, 2024);
2025-01-07 16:15:55.421 CET [3887] ERROR:  insert or update on table "secretaire" violates foreign key constraint "secretaire_id_departement_fkey"
2025-01-07 16:15:55.421 CET [3887] DETAIL:  Key (id_departement)=(1) is not present in table "departement".
2025-01-07 16:15:55.421 CET [3887] STATEMENT:  INSERT INTO Secretaire (id_Departement)
	VALUES 
	    (1),
	    (2);
2025-01-07 16:15:55.422 CET [3887] ERROR:  insert or update on table "enseignant" violates foreign key constraint "enseignant_id_departement_fkey"
2025-01-07 16:15:55.422 CET [3887] DETAIL:  Key (id_departement)=(1) is not present in table "departement".
2025-01-07 16:15:55.422 CET [3887] STATEMENT:  INSERT INTO Enseignant (id_Departement, Bureau)
	VALUES 
	    (1, 'Bureau C'),
	    (2, 'Bureau D');
2025-01-07 16:15:55.422 CET [3887] ERROR:  insert or update on table "administrateur" violates foreign key constraint "administrateur_id_utilisateur_fkey"
2025-01-07 16:15:55.422 CET [3887] DETAIL:  Key (id_utilisateur)=(1) is not present in table "utilisateur".
2025-01-07 16:15:55.422 CET [3887] STATEMENT:  INSERT INTO Administrateur (id_Utilisateur)
	VALUES 
	    (1),
	    (2);
2025-01-07 16:15:55.427 CET [3887] ERROR:  insert or update on table "tuteur_entreprise" violates foreign key constraint "tuteur_entreprise_id_entreprise_fkey"
2025-01-07 16:15:55.427 CET [3887] DETAIL:  Key (id_entreprise)=(1) is not present in table "entreprise".
2025-01-07 16:15:55.427 CET [3887] STATEMENT:  INSERT INTO Tuteur_Entreprise (id_Entreprise)
	VALUES 
	    (1),
	    (2);
2025-01-07 16:15:55.429 CET [3887] ERROR:  insert or update on table "etudiant" violates foreign key constraint "etudiant_id_utilisateur_fkey"
2025-01-07 16:15:55.429 CET [3887] DETAIL:  Key (id_utilisateur)=(1) is not present in table "utilisateur".
2025-01-07 16:15:55.429 CET [3887] STATEMENT:  INSERT INTO Etudiant (id_Utilisateur, id_Departement)
	VALUES 
	    (1, 1),
	    (2, 2);
2025-01-07 16:15:55.430 CET [3887] ERROR:  insert or update on table "stage" violates foreign key constraint "stage_id_etudiant_fkey"
2025-01-07 16:15:55.430 CET [3887] DETAIL:  Key (id_etudiant)=(1) is not present in table "etudiant".
2025-01-07 16:15:55.430 CET [3887] STATEMENT:  INSERT INTO Stage (id_Etudiant, id_TuteurEntreprise, id_Enseignant, date_debut, date_fin, sujet, lieu_soutenance, date_soutenance)
	VALUES 
	    (1, 1, 1, '2024-06-01', '2024-12-01', 'Développement d''une application web', 'Salle A', '2024-12-15'),
	    (2, 2, 2, '2024-06-01', '2024-12-01', 'Stratégies marketing digital', 'Salle B', '2024-12-16');
2025-01-07 16:15:55.430 CET [3887] ERROR:  insert or update on table "action" violates foreign key constraint "action_id_typeaction_fkey"
2025-01-07 16:15:55.430 CET [3887] DETAIL:  Key (id_typeaction)=(1) is not present in table "typeaction".
2025-01-07 16:15:55.430 CET [3887] STATEMENT:  INSERT INTO Action (id_TypeAction, date_realisation, lienDocument)
	VALUES 
	    (1, '2024-06-15', 'documents/reunion_june.pdf'),
	    (2, '2024-06-20', 'documents/rapport_june.pdf');
2025-01-07 16:15:55.430 CET [3887] ERROR:  insert or update on table "inscription" violates foreign key constraint "inscription_id_etudiant_fkey"
2025-01-07 16:15:55.430 CET [3887] DETAIL:  Key (id_etudiant)=(1) is not present in table "etudiant".
2025-01-07 16:15:55.430 CET [3887] STATEMENT:  INSERT INTO Inscription (id_Etudiant, id_Departement, numSemestre)
	VALUES 
	    (1, 1, 1),
	    (2, 2, 2);
